[2025-11-05 19:29:14] [LOGIN] -408910730 tried to log in.
[2025-11-05 19:29:27] [REGISTER] New user -408910730 created.
[2025-11-05 19:29:34] [LOGIN] 1443257690 logged in.
[2025-11-05 19:29:55] [LOGIN] 1443257690 logged in.
[2025-11-05 19:33:48] [LOGIN] 722559029 tried to log in.
[2025-11-05 19:33:53] [LOGIN] 1734413627 logged in.
[2025-11-05 19:35:30] [LOGIN] -257830437 logged in.
[2025-11-05 19:35:36] [GETBOOK] Book: LORD OF THE RINGS not found.
[2025-11-05 19:35:39] [GETBOOK] Book: LORD OF THE RINGS not found.
[2025-11-05 19:37:07] [GETBOOK] Book: LORD OF THE RINGS not found.
[2025-11-05 19:37:25] [ADDBOOK] New Book: LORD OF THE RINGS created.
[2025-11-05 19:37:31] [GETBOOK] Book: LORD OF THE RINGS found.
[2025-11-05 19:37:36] [GETBOOK] Book: LORD OF THE RINGS found.
[2025-11-05 19:38:20] [GETBOOK] Book: LORD OF THE RINGS found.
[2025-11-05 19:38:50] [GETBOOK] Book: LORD OF THE RINGS found.
[2025-11-05 19:39:10] [GETBOOK] Book: LORD OF THE RINGS found.
[2025-11-05 19:39:12] [GETBOOK] Book: LORD OF THE RINGS found.
[2025-11-05 19:39:59] [GETBOOK] Book: LORD OF THE RINGS found.
[2025-11-05 19:40:37] [GETBOOK] Book: LORD OF THE RINGS found.
[2025-11-05 19:41:56] [LOGIN] 636509971 logged in.
[2025-11-05 19:42:01] [GETBOOK] Book: LORD OF THE RINGS found.
[2025-11-05 19:43:17] [LOGIN] -962432152 logged in.
[2025-11-05 19:43:19] [GETBOOK] Book: LORD OF THE RINGS found.
[2025-11-05 19:43:25] [ADDBOOK] New Book: ONE PIECE created.
[2025-11-05 19:43:29] [GETBOOK] Book: LORD OF THE RINGS found.
